<?xml version="1.0" encoding="UTF-8"?>
<!-- Generated by org.testng.reporters.JUnitXMLReporter -->
<testsuite ignored="0" hostname="DESKTOP-1RBF983" failures="3" tests="3" name="Default test" time="32.003" errors="0" timestamp="2022-11-11T17:02:15 GMT">
  <testcase classname="io.cucumber.testng.AbstractTestNGCucumberTests" name="runScenario" time="10.926">
    <failure type="java.lang.RuntimeException" message="Expected condition failed: waiting for visibility of Proxy element for: DefaultElementLocator &amp;apos;By.xpath: //*[@class=&amp;apos;sc-c-sounds-nav__brand-svgi&amp;apos;]&amp;apos; (tried for 2 second(s) with 500 milliseconds interval)">
      <![CDATA[java.lang.RuntimeException: Expected condition failed: waiting for visibility of Proxy element for: DefaultElementLocator 'By.xpath: //*[@class='sc-c-sounds-nav__brand-svgi']' (tried for 2 second(s) with 500 milliseconds interval)
at com.bbc.sounds.stepdefinitions.HomeSteps.that_i_am_on_the_bbc_sounds_homepage(HomeSteps.java:29)
at ✽.that I am on the BBC Sounds Homepage(file:///C:/Projects/JavaSeleniumCucumberAutomationProject/src/main/resources/features/SoundsHomePage.feature:4)
]]>
    </failure>
  </testcase> <!-- runScenario -->
  <testcase classname="io.cucumber.testng.AbstractTestNGCucumberTests" name="runScenario" time="11.296">
    <failure type="java.lang.RuntimeException" message="Expected condition failed: waiting for visibility of Proxy element for: DefaultElementLocator &amp;apos;By.xpath: //*[@class=&amp;apos;sc-c-sounds-nav__brand-svgi&amp;apos;]&amp;apos; (tried for 2 second(s) with 500 milliseconds interval)">
      <![CDATA[java.lang.RuntimeException: Expected condition failed: waiting for visibility of Proxy element for: DefaultElementLocator 'By.xpath: //*[@class='sc-c-sounds-nav__brand-svgi']' (tried for 2 second(s) with 500 milliseconds interval)
at com.bbc.sounds.stepdefinitions.HomeSteps.that_i_am_on_the_bbc_sounds_homepage(HomeSteps.java:29)
at ✽.that I am on the BBC Sounds Homepage(file:///C:/Projects/JavaSeleniumCucumberAutomationProject/src/main/resources/features/SoundsHomePage.feature:4)
]]>
    </failure>
  </testcase> <!-- runScenario -->
  <testcase classname="io.cucumber.testng.AbstractTestNGCucumberTests" name="runScenario" time="9.361">
    <failure type="java.lang.RuntimeException" message="Expected condition failed: waiting for visibility of Proxy element for: DefaultElementLocator &amp;apos;By.xpath: //*[@class=&amp;apos;sc-c-sounds-nav__brand-svgi&amp;apos;]&amp;apos; (tried for 2 second(s) with 500 milliseconds interval)">
      <![CDATA[java.lang.RuntimeException: Expected condition failed: waiting for visibility of Proxy element for: DefaultElementLocator 'By.xpath: //*[@class='sc-c-sounds-nav__brand-svgi']' (tried for 2 second(s) with 500 milliseconds interval)
at com.bbc.sounds.stepdefinitions.HomeSteps.that_i_am_on_the_bbc_sounds_homepage(HomeSteps.java:29)
at ✽.that I am on the BBC Sounds Homepage(file:///C:/Projects/JavaSeleniumCucumberAutomationProject/src/main/resources/features/SoundsHomePage.feature:4)
]]>
    </failure>
  </testcase> <!-- runScenario -->
</testsuite> <!-- Default test -->
